<?xml version="1.0" encoding="UTF-8"?>
<coverage generated="1734559170659" clover="3.2.0">
  <project timestamp="1734559170659" name="All files">
    <metrics statements="100" coveredstatements="97" conditionals="38" coveredconditionals="23" methods="38" coveredmethods="36" elements="176" coveredelements="156" complexity="0" loc="100" ncloc="100" packages="5" files="7" classes="7"/>
    <package name="components.Layout">
      <metrics statements="10" coveredstatements="8" conditionals="2" coveredconditionals="1" methods="7" coveredmethods="5"/>
      <file name="index.js" path="/Users/panurut/Desktop/Work/nu-work/todos-web/src/components/Layout/index.js">
        <metrics statements="10" coveredstatements="8" conditionals="2" coveredconditionals="1" methods="7" coveredmethods="5"/>
        <line num="10" count="6" type="stmt"/>
        <line num="11" count="6" type="stmt"/>
        <line num="12" count="12" type="stmt"/>
        <line num="14" count="6" type="stmt"/>
        <line num="16" count="6" type="stmt"/>
        <line num="29" count="10" type="stmt"/>
        <line num="34" count="6" type="stmt"/>
        <line num="38" count="0" type="stmt"/>
        <line num="56" count="6" type="stmt"/>
        <line num="60" count="0" type="stmt"/>
      </file>
    </package>
    <package name="components.Todo">
      <metrics statements="65" coveredstatements="64" conditionals="26" coveredconditionals="18" methods="24" coveredmethods="24"/>
      <file name="TodoForm.js" path="/Users/panurut/Desktop/Work/nu-work/todos-web/src/components/Todo/TodoForm.js">
        <metrics statements="16" coveredstatements="16" conditionals="0" coveredconditionals="0" methods="6" coveredmethods="6"/>
        <line num="11" count="43" type="stmt"/>
        <line num="12" count="43" type="stmt"/>
        <line num="19" count="43" type="stmt"/>
        <line num="26" count="43" type="stmt"/>
        <line num="27" count="1" type="stmt"/>
        <line num="28" count="1" type="stmt"/>
        <line num="29" count="1" type="stmt"/>
        <line num="30" count="1" type="stmt"/>
        <line num="33" count="43" type="stmt"/>
        <line num="34" count="5" type="stmt"/>
        <line num="37" count="43" type="stmt"/>
        <line num="38" count="2" type="stmt"/>
        <line num="39" count="2" type="stmt"/>
        <line num="42" count="43" type="stmt"/>
        <line num="68" count="10" type="stmt"/>
        <line num="93" count="11" type="stmt"/>
      </file>
      <file name="TodoItem.js" path="/Users/panurut/Desktop/Work/nu-work/todos-web/src/components/Todo/TodoItem.js">
        <metrics statements="21" coveredstatements="21" conditionals="8" coveredconditionals="8" methods="7" coveredmethods="7"/>
        <line num="13" count="701" type="stmt"/>
        <line num="14" count="701" type="stmt"/>
        <line num="16" count="701" type="stmt"/>
        <line num="17" count="701" type="stmt"/>
        <line num="18" count="701" type="stmt"/>
        <line num="19" count="701" type="stmt"/>
        <line num="21" count="701" type="stmt"/>
        <line num="22" count="701" type="stmt"/>
        <line num="24" count="701" type="stmt"/>
        <line num="25" count="3" type="stmt"/>
        <line num="28" count="701" type="stmt"/>
        <line num="29" count="3" type="stmt"/>
        <line num="32" count="701" type="stmt"/>
        <line num="37" count="1" type="stmt"/>
        <line num="38" count="1" type="stmt"/>
        <line num="50" count="1" type="stmt"/>
        <line num="51" count="1" type="stmt"/>
        <line num="63" count="1" type="stmt"/>
        <line num="64" count="1" type="stmt"/>
        <line num="75" count="701" type="stmt"/>
        <line num="117" count="1402" type="stmt"/>
      </file>
      <file name="TodoList.js" path="/Users/panurut/Desktop/Work/nu-work/todos-web/src/components/Todo/TodoList.js">
        <metrics statements="28" coveredstatements="27" conditionals="18" coveredconditionals="10" methods="11" coveredmethods="11"/>
        <line num="30" count="140" type="stmt"/>
        <line num="38" count="28" type="stmt"/>
        <line num="39" count="28" type="stmt"/>
        <line num="40" count="54" type="stmt"/>
        <line num="42" count="28" type="stmt"/>
        <line num="44" count="28" type="stmt"/>
        <line num="46" count="28" type="stmt"/>
        <line num="47" count="9" type="stmt"/>
        <line num="48" count="9" type="cond" truecount="1" falsecount="1"/>
        <line num="49" count="9" type="stmt"/>
        <line num="52" count="9" type="stmt"/>
        <line num="53" count="9" type="stmt"/>
        <line num="57" count="28" type="stmt"/>
        <line num="58" count="1" type="stmt"/>
        <line num="61" count="28" type="stmt"/>
        <line num="62" count="1" type="stmt"/>
        <line num="63" count="1" type="stmt"/>
        <line num="66" count="28" type="stmt"/>
        <line num="67" count="1" type="stmt"/>
        <line num="70" count="28" type="stmt"/>
        <line num="71" count="1" type="cond" truecount="1" falsecount="1"/>
        <line num="72" count="1" type="stmt"/>
        <line num="75" count="1" type="cond" truecount="1" falsecount="1"/>
        <line num="76" count="0" type="stmt"/>
        <line num="78" count="1" type="stmt"/>
        <line num="83" count="28" type="stmt"/>
        <line num="109" count="2" type="stmt"/>
        <line num="154" count="690" type="stmt"/>
      </file>
    </package>
    <package name="helpers">
      <metrics statements="7" coveredstatements="7" conditionals="5" coveredconditionals="1" methods="2" coveredmethods="2"/>
      <file name="index.js" path="/Users/panurut/Desktop/Work/nu-work/todos-web/src/helpers/index.js">
        <metrics statements="7" coveredstatements="7" conditionals="5" coveredconditionals="1" methods="2" coveredmethods="2"/>
        <line num="3" count="6" type="cond" truecount="0" falsecount="3"/>
        <line num="4" count="2" type="stmt"/>
        <line num="5" count="16" type="stmt"/>
        <line num="6" count="2" type="cond" truecount="1" falsecount="1"/>
        <line num="7" count="2" type="stmt"/>
        <line num="8" count="2" type="stmt"/>
        <line num="11" count="2" type="stmt"/>
      </file>
    </package>
    <package name="pages">
      <metrics statements="1" coveredstatements="1" conditionals="0" coveredconditionals="0" methods="1" coveredmethods="1"/>
      <file name="index.js" path="/Users/panurut/Desktop/Work/nu-work/todos-web/src/pages/index.js">
        <metrics statements="1" coveredstatements="1" conditionals="0" coveredconditionals="0" methods="1" coveredmethods="1"/>
        <line num="6" count="1" type="stmt"/>
      </file>
    </package>
    <package name="services">
      <metrics statements="17" coveredstatements="17" conditionals="5" coveredconditionals="3" methods="4" coveredmethods="4"/>
      <file name="todoService.js" path="/Users/panurut/Desktop/Work/nu-work/todos-web/src/services/todoService.js">
        <metrics statements="17" coveredstatements="17" conditionals="5" coveredconditionals="3" methods="4" coveredmethods="4"/>
        <line num="3" count="3" type="stmt"/>
        <line num="5" count="3" type="cond" truecount="1" falsecount="2"/>
        <line num="6" count="2" type="stmt"/>
        <line num="7" count="2" type="cond" truecount="2" falsecount="0"/>
        <line num="8" count="1" type="stmt"/>
        <line num="10" count="2" type="stmt"/>
        <line num="11" count="2" type="stmt"/>
        <line num="12" count="2" type="stmt"/>
        <line num="15" count="3" type="stmt"/>
        <line num="16" count="1" type="stmt"/>
        <line num="21" count="1" type="stmt"/>
        <line num="24" count="3" type="stmt"/>
        <line num="25" count="4" type="stmt"/>
        <line num="26" count="2" type="stmt"/>
        <line num="29" count="3" type="stmt"/>
        <line num="30" count="2" type="stmt"/>
        <line num="31" count="1" type="stmt"/>
      </file>
    </package>
  </project>
</coverage>
