{"/Users/panurut/Desktop/Work/nu-work/todos-web/src/components/Layout/index.js": {"path":"/Users/panurut/Desktop/Work/nu-work/todos-web/src/components/Layout/index.js","statementMap":{"0":{"start":{"line":10,"column":19},"end":{"line":10,"column":32}},"1":{"start":{"line":11,"column":19},"end":{"line":11,"column":53}},"2":{"start":{"line":12,"column":38},"end":{"line":12,"column":73}},"3":{"start":{"line":12,"column":61},"end":{"line":12,"column":72}},"4":{"start":{"line":14,"column":20},"end":{"line":14,"column":32}},"5":{"start":{"line":16,"column":2},"end":{"line":72,"column":4}},"6":{"start":{"line":29,"column":32},"end":{"line":29,"column":82}},"7":{"start":{"line":34,"column":31},"end":{"line":34,"column":48}},"8":{"start":{"line":38,"column":25},"end":{"line":38,"column":49}},"9":{"start":{"line":56,"column":31},"end":{"line":56,"column":48}},"10":{"start":{"line":60,"column":25},"end":{"line":60,"column":49}}},"fnMap":{"0":{"name":"Layout","decl":{"start":{"line":9,"column":24},"end":{"line":9,"column":30}},"loc":{"start":{"line":9,"column":45},"end":{"line":73,"column":1}},"line":9},"1":{"name":"(anonymous_1)","decl":{"start":{"line":12,"column":50},"end":{"line":12,"column":51}},"loc":{"start":{"line":12,"column":61},"end":{"line":12,"column":72}},"line":12},"2":{"name":"(anonymous_2)","decl":{"start":{"line":29,"column":20},"end":{"line":29,"column":21}},"loc":{"start":{"line":29,"column":32},"end":{"line":29,"column":82}},"line":29},"3":{"name":"(anonymous_3)","decl":{"start":{"line":34,"column":25},"end":{"line":34,"column":26}},"loc":{"start":{"line":34,"column":31},"end":{"line":34,"column":48}},"line":34},"4":{"name":"(anonymous_4)","decl":{"start":{"line":38,"column":19},"end":{"line":38,"column":20}},"loc":{"start":{"line":38,"column":25},"end":{"line":38,"column":49}},"line":38},"5":{"name":"(anonymous_5)","decl":{"start":{"line":56,"column":25},"end":{"line":56,"column":26}},"loc":{"start":{"line":56,"column":31},"end":{"line":56,"column":48}},"line":56},"6":{"name":"(anonymous_6)","decl":{"start":{"line":60,"column":19},"end":{"line":60,"column":20}},"loc":{"start":{"line":60,"column":25},"end":{"line":60,"column":49}},"line":60}},"branchMap":{"0":{"loc":{"start":{"line":20,"column":14},"end":{"line":20,"column":30}},"type":"cond-expr","locations":[{"start":{"line":20,"column":25},"end":{"line":20,"column":26}},{"start":{"line":20,"column":29},"end":{"line":20,"column":30}}],"line":20}},"s":{"0":6,"1":6,"2":6,"3":12,"4":6,"5":6,"6":10,"7":6,"8":0,"9":6,"10":0},"f":{"0":6,"1":12,"2":10,"3":6,"4":0,"5":6,"6":0},"b":{"0":[0,6]},"_coverageSchema":"1a1c01bbd47fc00a2c39e90264f33305004495a9","hash":"d3df449017cc3d4d610f464d9ba1666af984cbaf"}
,"/Users/panurut/Desktop/Work/nu-work/todos-web/src/components/Todo/TodoForm.js": {"path":"/Users/panurut/Desktop/Work/nu-work/todos-web/src/components/Todo/TodoForm.js","statementMap":{"0":{"start":{"line":11,"column":19},"end":{"line":11,"column":32}},"1":{"start":{"line":12,"column":50},"end":{"line":12,"column":65}},"2":{"start":{"line":19,"column":6},"end":{"line":24,"column":4}},"3":{"start":{"line":26,"column":19},"end":{"line":31,"column":3}},"4":{"start":{"line":27,"column":17},"end":{"line":27,"column":38}},"5":{"start":{"line":28,"column":19},"end":{"line":28,"column":42}},"6":{"start":{"line":29,"column":4},"end":{"line":29,"column":40}},"7":{"start":{"line":30,"column":4},"end":{"line":30,"column":18}},"8":{"start":{"line":33,"column":26},"end":{"line":35,"column":3}},"9":{"start":{"line":34,"column":4},"end":{"line":34,"column":30}},"10":{"start":{"line":37,"column":22},"end":{"line":40,"column":3}},"11":{"start":{"line":38,"column":4},"end":{"line":38,"column":31}},"12":{"start":{"line":39,"column":4},"end":{"line":39,"column":12}},"13":{"start":{"line":42,"column":2},"end":{"line":119,"column":4}},"14":{"start":{"line":68,"column":18},"end":{"line":77,"column":20}},"15":{"start":{"line":93,"column":18},"end":{"line":102,"column":20}}},"fnMap":{"0":{"name":"TodoForm","decl":{"start":{"line":10,"column":24},"end":{"line":10,"column":32}},"loc":{"start":{"line":10,"column":35},"end":{"line":120,"column":1}},"line":10},"1":{"name":"(anonymous_1)","decl":{"start":{"line":26,"column":19},"end":{"line":26,"column":20}},"loc":{"start":{"line":26,"column":29},"end":{"line":31,"column":3}},"line":26},"2":{"name":"(anonymous_2)","decl":{"start":{"line":33,"column":26},"end":{"line":33,"column":27}},"loc":{"start":{"line":33,"column":32},"end":{"line":35,"column":3}},"line":33},"3":{"name":"(anonymous_3)","decl":{"start":{"line":37,"column":22},"end":{"line":37,"column":23}},"loc":{"start":{"line":37,"column":28},"end":{"line":40,"column":3}},"line":37},"4":{"name":"(anonymous_4)","decl":{"start":{"line":67,"column":24},"end":{"line":67,"column":25}},"loc":{"start":{"line":68,"column":18},"end":{"line":77,"column":20}},"line":68},"5":{"name":"(anonymous_5)","decl":{"start":{"line":92,"column":24},"end":{"line":92,"column":25}},"loc":{"start":{"line":93,"column":18},"end":{"line":102,"column":20}},"line":93}},"branchMap":{},"s":{"0":43,"1":43,"2":43,"3":43,"4":1,"5":1,"6":1,"7":1,"8":43,"9":5,"10":43,"11":2,"12":2,"13":43,"14":10,"15":11},"f":{"0":43,"1":1,"2":5,"3":2,"4":10,"5":11},"b":{},"_coverageSchema":"1a1c01bbd47fc00a2c39e90264f33305004495a9","hash":"472948f8bb107e50478d808003c90d40c86f9668"}
,"/Users/panurut/Desktop/Work/nu-work/todos-web/src/components/Todo/TodoItem.js": {"path":"/Users/panurut/Desktop/Work/nu-work/todos-web/src/components/Todo/TodoItem.js","statementMap":{"0":{"start":{"line":13,"column":15},"end":{"line":13,"column":37}},"1":{"start":{"line":14,"column":19},"end":{"line":14,"column":32}},"2":{"start":{"line":16,"column":13},"end":{"line":16,"column":32}},"3":{"start":{"line":17,"column":15},"end":{"line":17,"column":36}},"4":{"start":{"line":18,"column":17},"end":{"line":18,"column":46}},"5":{"start":{"line":19,"column":17},"end":{"line":19,"column":40}},"6":{"start":{"line":21,"column":34},"end":{"line":21,"column":48}},"7":{"start":{"line":22,"column":15},"end":{"line":22,"column":32}},"8":{"start":{"line":24,"column":22},"end":{"line":26,"column":3}},"9":{"start":{"line":25,"column":4},"end":{"line":25,"column":37}},"10":{"start":{"line":28,"column":22},"end":{"line":30,"column":3}},"11":{"start":{"line":29,"column":4},"end":{"line":29,"column":22}},"12":{"start":{"line":32,"column":18},"end":{"line":73,"column":3}},"13":{"start":{"line":37,"column":12},"end":{"line":37,"column":60}},"14":{"start":{"line":38,"column":12},"end":{"line":38,"column":26}},"15":{"start":{"line":50,"column":12},"end":{"line":50,"column":58}},"16":{"start":{"line":51,"column":12},"end":{"line":51,"column":26}},"17":{"start":{"line":63,"column":8},"end":{"line":63,"column":47}},"18":{"start":{"line":64,"column":8},"end":{"line":64,"column":22}},"19":{"start":{"line":75,"column":2},"end":{"line":124,"column":4}},"20":{"start":{"line":117,"column":12},"end":{"line":119,"column":23}}},"fnMap":{"0":{"name":"TodoList","decl":{"start":{"line":12,"column":24},"end":{"line":12,"column":32}},"loc":{"start":{"line":12,"column":40},"end":{"line":125,"column":1}},"line":12},"1":{"name":"(anonymous_1)","decl":{"start":{"line":24,"column":22},"end":{"line":24,"column":23}},"loc":{"start":{"line":24,"column":33},"end":{"line":26,"column":3}},"line":24},"2":{"name":"(anonymous_2)","decl":{"start":{"line":28,"column":22},"end":{"line":28,"column":23}},"loc":{"start":{"line":28,"column":28},"end":{"line":30,"column":3}},"line":28},"3":{"name":"(anonymous_3)","decl":{"start":{"line":36,"column":19},"end":{"line":36,"column":20}},"loc":{"start":{"line":36,"column":25},"end":{"line":39,"column":11}},"line":36},"4":{"name":"(anonymous_4)","decl":{"start":{"line":49,"column":19},"end":{"line":49,"column":20}},"loc":{"start":{"line":49,"column":25},"end":{"line":52,"column":11}},"line":49},"5":{"name":"(anonymous_5)","decl":{"start":{"line":62,"column":15},"end":{"line":62,"column":16}},"loc":{"start":{"line":62,"column":21},"end":{"line":65,"column":7}},"line":62},"6":{"name":"(anonymous_6)","decl":{"start":{"line":116,"column":23},"end":{"line":116,"column":24}},"loc":{"start":{"line":117,"column":12},"end":{"line":119,"column":23}},"line":117}},"branchMap":{"0":{"loc":{"start":{"line":33,"column":4},"end":{"line":59,"column":9}},"type":"cond-expr","locations":[{"start":{"line":34,"column":8},"end":{"line":46,"column":9}},{"start":{"line":47,"column":8},"end":{"line":59,"column":9}}],"line":33},"1":{"loc":{"start":{"line":85,"column":9},"end":{"line":93,"column":9}},"type":"cond-expr","locations":[{"start":{"line":86,"column":10},"end":{"line":88,"column":20}},{"start":{"line":90,"column":10},"end":{"line":92,"column":20}}],"line":85},"2":{"loc":{"start":{"line":99,"column":25},"end":{"line":99,"column":55}},"type":"cond-expr","locations":[{"start":{"line":99,"column":32},"end":{"line":99,"column":43}},{"start":{"line":99,"column":46},"end":{"line":99,"column":55}}],"line":99},"3":{"loc":{"start":{"line":100,"column":25},"end":{"line":100,"column":50}},"type":"cond-expr","locations":[{"start":{"line":100,"column":32},"end":{"line":100,"column":38}},{"start":{"line":100,"column":41},"end":{"line":100,"column":50}}],"line":100}},"s":{"0":701,"1":701,"2":701,"3":701,"4":701,"5":701,"6":701,"7":701,"8":701,"9":3,"10":701,"11":3,"12":701,"13":1,"14":1,"15":1,"16":1,"17":1,"18":1,"19":701,"20":1402},"f":{"0":701,"1":3,"2":3,"3":1,"4":1,"5":1,"6":1402},"b":{"0":[351,350],"1":[351,350],"2":[3,698],"3":[3,698]},"_coverageSchema":"1a1c01bbd47fc00a2c39e90264f33305004495a9","hash":"d36069c665da6c5db5f516d0ecb0af31a43e1116"}
,"/Users/panurut/Desktop/Work/nu-work/todos-web/src/components/Todo/TodoList.js": {"path":"/Users/panurut/Desktop/Work/nu-work/todos-web/src/components/Todo/TodoList.js","statementMap":{"0":{"start":{"line":30,"column":24},"end":{"line":35,"column":3}},"1":{"start":{"line":30,"column":58},"end":{"line":35,"column":1}},"2":{"start":{"line":38,"column":19},"end":{"line":38,"column":53}},"3":{"start":{"line":39,"column":19},"end":{"line":39,"column":32}},"4":{"start":{"line":40,"column":40},"end":{"line":40,"column":75}},"5":{"start":{"line":40,"column":63},"end":{"line":40,"column":74}},"6":{"start":{"line":42,"column":24},"end":{"line":42,"column":56}},"7":{"start":{"line":44,"column":38},"end":{"line":44,"column":50}},"8":{"start":{"line":46,"column":2},"end":{"line":55,"column":30}},"9":{"start":{"line":47,"column":20},"end":{"line":47,"column":25}},"10":{"start":{"line":48,"column":4},"end":{"line":50,"column":5}},"11":{"start":{"line":49,"column":6},"end":{"line":49,"column":44}},"12":{"start":{"line":52,"column":4},"end":{"line":54,"column":6}},"13":{"start":{"line":53,"column":6},"end":{"line":53,"column":23}},"14":{"start":{"line":57,"column":27},"end":{"line":59,"column":3}},"15":{"start":{"line":58,"column":4},"end":{"line":58,"column":35}},"16":{"start":{"line":61,"column":34},"end":{"line":64,"column":3}},"17":{"start":{"line":62,"column":4},"end":{"line":62,"column":43}},"18":{"start":{"line":63,"column":4},"end":{"line":63,"column":25}},"19":{"start":{"line":66,"column":19},"end":{"line":68,"column":3}},"20":{"start":{"line":67,"column":4},"end":{"line":67,"column":62}},"21":{"start":{"line":70,"column":28},"end":{"line":81,"column":3}},"22":{"start":{"line":71,"column":4},"end":{"line":80,"column":5}},"23":{"start":{"line":72,"column":6},"end":{"line":72,"column":24}},"24":{"start":{"line":75,"column":6},"end":{"line":79,"column":7}},"25":{"start":{"line":76,"column":8},"end":{"line":76,"column":29}},"26":{"start":{"line":78,"column":8},"end":{"line":78,"column":46}},"27":{"start":{"line":83,"column":2},"end":{"line":170,"column":4}},"28":{"start":{"line":109,"column":14},"end":{"line":109,"column":67}},"29":{"start":{"line":154,"column":16},"end":{"line":154,"column":66}}},"fnMap":{"0":{"name":"(anonymous_0)","decl":{"start":{"line":30,"column":42},"end":{"line":30,"column":43}},"loc":{"start":{"line":30,"column":58},"end":{"line":35,"column":1}},"line":30},"1":{"name":"TodoList","decl":{"start":{"line":37,"column":24},"end":{"line":37,"column":32}},"loc":{"start":{"line":37,"column":35},"end":{"line":171,"column":1}},"line":37},"2":{"name":"(anonymous_2)","decl":{"start":{"line":40,"column":52},"end":{"line":40,"column":53}},"loc":{"start":{"line":40,"column":63},"end":{"line":40,"column":74}},"line":40},"3":{"name":"(anonymous_3)","decl":{"start":{"line":46,"column":12},"end":{"line":46,"column":13}},"loc":{"start":{"line":46,"column":18},"end":{"line":55,"column":3}},"line":46},"4":{"name":"(anonymous_4)","decl":{"start":{"line":52,"column":11},"end":{"line":52,"column":12}},"loc":{"start":{"line":52,"column":17},"end":{"line":54,"column":5}},"line":52},"5":{"name":"(anonymous_5)","decl":{"start":{"line":57,"column":27},"end":{"line":57,"column":28}},"loc":{"start":{"line":57,"column":47},"end":{"line":59,"column":3}},"line":57},"6":{"name":"(anonymous_6)","decl":{"start":{"line":61,"column":34},"end":{"line":61,"column":35}},"loc":{"start":{"line":61,"column":45},"end":{"line":64,"column":3}},"line":61},"7":{"name":"(anonymous_7)","decl":{"start":{"line":66,"column":19},"end":{"line":66,"column":20}},"loc":{"start":{"line":66,"column":25},"end":{"line":68,"column":3}},"line":66},"8":{"name":"(anonymous_8)","decl":{"start":{"line":70,"column":28},"end":{"line":70,"column":29}},"loc":{"start":{"line":70,"column":34},"end":{"line":81,"column":3}},"line":70},"9":{"name":"(anonymous_9)","decl":{"start":{"line":108,"column":22},"end":{"line":108,"column":23}},"loc":{"start":{"line":108,"column":29},"end":{"line":110,"column":13}},"line":108},"10":{"name":"(anonymous_10)","decl":{"start":{"line":153,"column":26},"end":{"line":153,"column":27}},"loc":{"start":{"line":154,"column":16},"end":{"line":154,"column":66}},"line":154}},"branchMap":{"0":{"loc":{"start":{"line":48,"column":4},"end":{"line":50,"column":5}},"type":"if","locations":[{"start":{"line":48,"column":4},"end":{"line":50,"column":5}},{"start":{},"end":{}}],"line":48},"1":{"loc":{"start":{"line":71,"column":4},"end":{"line":80,"column":5}},"type":"if","locations":[{"start":{"line":71,"column":4},"end":{"line":80,"column":5}},{"start":{},"end":{}}],"line":71},"2":{"loc":{"start":{"line":75,"column":6},"end":{"line":79,"column":7}},"type":"if","locations":[{"start":{"line":75,"column":6},"end":{"line":79,"column":7}},{"start":{"line":77,"column":13},"end":{"line":79,"column":7}}],"line":75},"3":{"loc":{"start":{"line":86,"column":15},"end":{"line":86,"column":70}},"type":"cond-expr","locations":[{"start":{"line":86,"column":26},"end":{"line":86,"column":46}},{"start":{"line":86,"column":49},"end":{"line":86,"column":70}}],"line":86},"4":{"loc":{"start":{"line":87,"column":23},"end":{"line":87,"column":50}},"type":"cond-expr","locations":[{"start":{"line":87,"column":34},"end":{"line":87,"column":42}},{"start":{"line":87,"column":45},"end":{"line":87,"column":50}}],"line":87},"5":{"loc":{"start":{"line":88,"column":20},"end":{"line":88,"column":54}},"type":"cond-expr","locations":[{"start":{"line":88,"column":31},"end":{"line":88,"column":43}},{"start":{"line":88,"column":46},"end":{"line":88,"column":54}}],"line":88},"6":{"loc":{"start":{"line":102,"column":65},"end":{"line":102,"column":98}},"type":"cond-expr","locations":[{"start":{"line":102,"column":78},"end":{"line":102,"column":87}},{"start":{"line":102,"column":90},"end":{"line":102,"column":98}}],"line":102},"7":{"loc":{"start":{"line":121,"column":18},"end":{"line":121,"column":74}},"type":"cond-expr","locations":[{"start":{"line":121,"column":29},"end":{"line":121,"column":50}},{"start":{"line":121,"column":53},"end":{"line":121,"column":74}}],"line":121},"8":{"loc":{"start":{"line":133,"column":21},"end":{"line":133,"column":76}},"type":"cond-expr","locations":[{"start":{"line":133,"column":32},"end":{"line":133,"column":52}},{"start":{"line":133,"column":55},"end":{"line":133,"column":76}}],"line":133}},"s":{"0":2,"1":140,"2":28,"3":28,"4":28,"5":54,"6":28,"7":28,"8":28,"9":9,"10":9,"11":9,"12":9,"13":9,"14":28,"15":1,"16":28,"17":1,"18":1,"19":28,"20":1,"21":28,"22":1,"23":1,"24":1,"25":0,"26":1,"27":28,"28":2,"29":690},"f":{"0":140,"1":28,"2":54,"3":9,"4":9,"5":1,"6":1,"7":1,"8":1,"9":2,"10":690},"b":{"0":[9,0],"1":[1,0],"2":[0,1],"3":[0,28],"4":[0,28],"5":[0,28],"6":[3,25],"7":[0,28],"8":[0,28]},"_coverageSchema":"1a1c01bbd47fc00a2c39e90264f33305004495a9","hash":"f5cec64209f799d79cc86467335e35daf59ebae6"}
,"/Users/panurut/Desktop/Work/nu-work/todos-web/src/helpers/index.js": {"path":"/Users/panurut/Desktop/Work/nu-work/todos-web/src/helpers/index.js","statementMap":{"0":{"start":{"line":3,"column":32},"end":{"line":12,"column":1}},"1":{"start":{"line":4,"column":19},"end":{"line":4,"column":35}},"2":{"start":{"line":5,"column":16},"end":{"line":5,"column":61}},"3":{"start":{"line":5,"column":46},"end":{"line":5,"column":60}},"4":{"start":{"line":6,"column":2},"end":{"line":9,"column":3}},"5":{"start":{"line":7,"column":24},"end":{"line":7,"column":45}},"6":{"start":{"line":8,"column":4},"end":{"line":8,"column":64}},"7":{"start":{"line":11,"column":2},"end":{"line":11,"column":18}}},"fnMap":{"0":{"name":"(anonymous_0)","decl":{"start":{"line":3,"column":32},"end":{"line":3,"column":33}},"loc":{"start":{"line":3,"column":77},"end":{"line":12,"column":1}},"line":3},"1":{"name":"(anonymous_1)","decl":{"start":{"line":5,"column":36},"end":{"line":5,"column":37}},"loc":{"start":{"line":5,"column":46},"end":{"line":5,"column":60}},"line":5}},"branchMap":{"0":{"loc":{"start":{"line":3,"column":35},"end":{"line":3,"column":45}},"type":"default-arg","locations":[{"start":{"line":3,"column":43},"end":{"line":3,"column":45}}],"line":3},"1":{"loc":{"start":{"line":3,"column":47},"end":{"line":3,"column":54}},"type":"default-arg","locations":[{"start":{"line":3,"column":52},"end":{"line":3,"column":54}}],"line":3},"2":{"loc":{"start":{"line":3,"column":56},"end":{"line":3,"column":70}},"type":"default-arg","locations":[{"start":{"line":3,"column":65},"end":{"line":3,"column":70}}],"line":3},"3":{"loc":{"start":{"line":6,"column":2},"end":{"line":9,"column":3}},"type":"if","locations":[{"start":{"line":6,"column":2},"end":{"line":9,"column":3}},{"start":{},"end":{}}],"line":6}},"s":{"0":6,"1":2,"2":2,"3":16,"4":2,"5":2,"6":2,"7":2},"f":{"0":2,"1":16},"b":{"0":[0],"1":[0],"2":[0],"3":[2,0]},"_coverageSchema":"1a1c01bbd47fc00a2c39e90264f33305004495a9","hash":"3ddf686e6d1464948b7d0da8e5d06e1e9e12fc6f"}
,"/Users/panurut/Desktop/Work/nu-work/todos-web/src/pages/index.js": {"path":"/Users/panurut/Desktop/Work/nu-work/todos-web/src/pages/index.js","statementMap":{"0":{"start":{"line":6,"column":2},"end":{"line":21,"column":4}}},"fnMap":{"0":{"name":"Home","decl":{"start":{"line":5,"column":24},"end":{"line":5,"column":28}},"loc":{"start":{"line":5,"column":31},"end":{"line":22,"column":1}},"line":5}},"branchMap":{},"s":{"0":1},"f":{"0":1},"b":{},"_coverageSchema":"1a1c01bbd47fc00a2c39e90264f33305004495a9","hash":"63507c09ac2435a0b1a04fc30fbf4ccd0ccfabef"}
,"/Users/panurut/Desktop/Work/nu-work/todos-web/src/services/todoService.js": {"path":"/Users/panurut/Desktop/Work/nu-work/todos-web/src/services/todoService.js","statementMap":{"0":{"start":{"line":3,"column":23},"end":{"line":3,"column":35}},"1":{"start":{"line":5,"column":33},"end":{"line":13,"column":1}},"2":{"start":{"line":6,"column":12},"end":{"line":6,"column":19}},"3":{"start":{"line":7,"column":2},"end":{"line":9,"column":3}},"4":{"start":{"line":8,"column":4},"end":{"line":8,"column":29}},"5":{"start":{"line":10,"column":15},"end":{"line":10,"column":33}},"6":{"start":{"line":11,"column":19},"end":{"line":11,"column":72}},"7":{"start":{"line":12,"column":2},"end":{"line":12,"column":23}},"8":{"start":{"line":15,"column":28},"end":{"line":22,"column":1}},"9":{"start":{"line":16,"column":19},"end":{"line":20,"column":4}},"10":{"start":{"line":21,"column":2},"end":{"line":21,"column":23}},"11":{"start":{"line":24,"column":31},"end":{"line":27,"column":1}},"12":{"start":{"line":25,"column":19},"end":{"line":25,"column":69}},"13":{"start":{"line":26,"column":2},"end":{"line":26,"column":23}},"14":{"start":{"line":29,"column":33},"end":{"line":32,"column":1}},"15":{"start":{"line":30,"column":19},"end":{"line":30,"column":57}},"16":{"start":{"line":31,"column":2},"end":{"line":31,"column":23}}},"fnMap":{"0":{"name":"(anonymous_0)","decl":{"start":{"line":5,"column":33},"end":{"line":5,"column":34}},"loc":{"start":{"line":5,"column":82},"end":{"line":13,"column":1}},"line":5},"1":{"name":"(anonymous_1)","decl":{"start":{"line":15,"column":28},"end":{"line":15,"column":29}},"loc":{"start":{"line":15,"column":56},"end":{"line":22,"column":1}},"line":15},"2":{"name":"(anonymous_2)","decl":{"start":{"line":24,"column":31},"end":{"line":24,"column":32}},"loc":{"start":{"line":24,"column":60},"end":{"line":27,"column":1}},"line":24},"3":{"name":"(anonymous_3)","decl":{"start":{"line":29,"column":33},"end":{"line":29,"column":34}},"loc":{"start":{"line":29,"column":51},"end":{"line":32,"column":1}},"line":29}},"branchMap":{"0":{"loc":{"start":{"line":5,"column":42},"end":{"line":5,"column":52}},"type":"default-arg","locations":[{"start":{"line":5,"column":50},"end":{"line":5,"column":52}}],"line":5},"1":{"loc":{"start":{"line":5,"column":54},"end":{"line":5,"column":62}},"type":"default-arg","locations":[{"start":{"line":5,"column":61},"end":{"line":5,"column":62}}],"line":5},"2":{"loc":{"start":{"line":5,"column":64},"end":{"line":5,"column":75}},"type":"default-arg","locations":[{"start":{"line":5,"column":73},"end":{"line":5,"column":75}}],"line":5},"3":{"loc":{"start":{"line":7,"column":2},"end":{"line":9,"column":3}},"type":"if","locations":[{"start":{"line":7,"column":2},"end":{"line":9,"column":3}},{"start":{},"end":{}}],"line":7}},"s":{"0":3,"1":3,"2":2,"3":2,"4":1,"5":2,"6":2,"7":2,"8":3,"9":1,"10":1,"11":3,"12":4,"13":2,"14":3,"15":2,"16":1},"f":{"0":2,"1":1,"2":4,"3":2},"b":{"0":[0],"1":[0],"2":[1],"3":[1,1]},"_coverageSchema":"1a1c01bbd47fc00a2c39e90264f33305004495a9","hash":"a6dad764d4e1f7958e57e2b60fb08fef1b1f79d8"}
}
