TN:
SF:src/components/Layout/index.js
FN:9,Layout
FN:12,(anonymous_1)
FN:29,(anonymous_2)
FN:34,(anonymous_3)
FN:38,(anonymous_4)
FN:56,(anonymous_5)
FN:60,(anonymous_6)
FNF:7
FNH:5
FNDA:6,Layout
FNDA:12,(anonymous_1)
FNDA:10,(anonymous_2)
FNDA:6,(anonymous_3)
FNDA:0,(anonymous_4)
FNDA:6,(anonymous_5)
FNDA:0,(anonymous_6)
DA:10,6
DA:11,6
DA:12,12
DA:14,6
DA:16,6
DA:29,10
DA:34,6
DA:38,0
DA:56,6
DA:60,0
LF:10
LH:8
BRDA:20,0,0,0
BRDA:20,0,1,6
BRF:2
BRH:1
end_of_record
TN:
SF:src/components/Todo/TodoForm.js
FN:10,TodoForm
FN:26,(anonymous_1)
FN:33,(anonymous_2)
FN:37,(anonymous_3)
FN:67,(anonymous_4)
FN:92,(anonymous_5)
FNF:6
FNH:6
FNDA:43,TodoForm
FNDA:1,(anonymous_1)
FNDA:5,(anonymous_2)
FNDA:2,(anonymous_3)
FNDA:10,(anonymous_4)
FNDA:11,(anonymous_5)
DA:11,43
DA:12,43
DA:19,43
DA:26,43
DA:27,1
DA:28,1
DA:29,1
DA:30,1
DA:33,43
DA:34,5
DA:37,43
DA:38,2
DA:39,2
DA:42,43
DA:68,10
DA:93,11
LF:16
LH:16
BRF:0
BRH:0
end_of_record
TN:
SF:src/components/Todo/TodoItem.js
FN:12,TodoList
FN:24,(anonymous_1)
FN:28,(anonymous_2)
FN:36,(anonymous_3)
FN:49,(anonymous_4)
FN:62,(anonymous_5)
FN:116,(anonymous_6)
FNF:7
FNH:7
FNDA:701,TodoList
FNDA:3,(anonymous_1)
FNDA:3,(anonymous_2)
FNDA:1,(anonymous_3)
FNDA:1,(anonymous_4)
FNDA:1,(anonymous_5)
FNDA:1402,(anonymous_6)
DA:13,701
DA:14,701
DA:16,701
DA:17,701
DA:18,701
DA:19,701
DA:21,701
DA:22,701
DA:24,701
DA:25,3
DA:28,701
DA:29,3
DA:32,701
DA:37,1
DA:38,1
DA:50,1
DA:51,1
DA:63,1
DA:64,1
DA:75,701
DA:117,1402
LF:21
LH:21
BRDA:33,0,0,351
BRDA:33,0,1,350
BRDA:85,1,0,351
BRDA:85,1,1,350
BRDA:99,2,0,3
BRDA:99,2,1,698
BRDA:100,3,0,3
BRDA:100,3,1,698
BRF:8
BRH:8
end_of_record
TN:
SF:src/components/Todo/TodoList.js
FN:30,(anonymous_0)
FN:37,TodoList
FN:40,(anonymous_2)
FN:46,(anonymous_3)
FN:52,(anonymous_4)
FN:57,(anonymous_5)
FN:61,(anonymous_6)
FN:66,(anonymous_7)
FN:70,(anonymous_8)
FN:108,(anonymous_9)
FN:153,(anonymous_10)
FNF:11
FNH:11
FNDA:140,(anonymous_0)
FNDA:28,TodoList
FNDA:54,(anonymous_2)
FNDA:9,(anonymous_3)
FNDA:9,(anonymous_4)
FNDA:1,(anonymous_5)
FNDA:1,(anonymous_6)
FNDA:1,(anonymous_7)
FNDA:1,(anonymous_8)
FNDA:2,(anonymous_9)
FNDA:690,(anonymous_10)
DA:30,140
DA:38,28
DA:39,28
DA:40,54
DA:42,28
DA:44,28
DA:46,28
DA:47,9
DA:48,9
DA:49,9
DA:52,9
DA:53,9
DA:57,28
DA:58,1
DA:61,28
DA:62,1
DA:63,1
DA:66,28
DA:67,1
DA:70,28
DA:71,1
DA:72,1
DA:75,1
DA:76,0
DA:78,1
DA:83,28
DA:109,2
DA:154,690
LF:28
LH:27
BRDA:48,0,0,9
BRDA:48,0,1,0
BRDA:71,1,0,1
BRDA:71,1,1,0
BRDA:75,2,0,0
BRDA:75,2,1,1
BRDA:86,3,0,0
BRDA:86,3,1,28
BRDA:87,4,0,0
BRDA:87,4,1,28
BRDA:88,5,0,0
BRDA:88,5,1,28
BRDA:102,6,0,3
BRDA:102,6,1,25
BRDA:121,7,0,0
BRDA:121,7,1,28
BRDA:133,8,0,0
BRDA:133,8,1,28
BRF:18
BRH:10
end_of_record
TN:
SF:src/helpers/index.js
FN:3,(anonymous_0)
FN:5,(anonymous_1)
FNF:2
FNH:2
FNDA:2,(anonymous_0)
FNDA:16,(anonymous_1)
DA:3,6
DA:4,2
DA:5,16
DA:6,2
DA:7,2
DA:8,2
DA:11,2
LF:7
LH:7
BRDA:3,0,0,0
BRDA:3,1,0,0
BRDA:3,2,0,0
BRDA:6,3,0,2
BRDA:6,3,1,0
BRF:5
BRH:1
end_of_record
TN:
SF:src/pages/index.js
FN:5,Home
FNF:1
FNH:1
FNDA:1,Home
DA:6,1
LF:1
LH:1
BRF:0
BRH:0
end_of_record
TN:
SF:src/services/todoService.js
FN:5,(anonymous_0)
FN:15,(anonymous_1)
FN:24,(anonymous_2)
FN:29,(anonymous_3)
FNF:4
FNH:4
FNDA:2,(anonymous_0)
FNDA:1,(anonymous_1)
FNDA:4,(anonymous_2)
FNDA:2,(anonymous_3)
DA:3,3
DA:5,3
DA:6,2
DA:7,2
DA:8,1
DA:10,2
DA:11,2
DA:12,2
DA:15,3
DA:16,1
DA:21,1
DA:24,3
DA:25,4
DA:26,2
DA:29,3
DA:30,2
DA:31,1
LF:17
LH:17
BRDA:5,0,0,0
BRDA:5,1,0,0
BRDA:5,2,0,1
BRDA:7,3,0,1
BRDA:7,3,1,1
BRF:5
BRH:3
end_of_record
